<?xml version="1.0" encoding="UTF-8"?>
<!-- Generated by org.testng.reporters.JUnitReportReporter -->
<testsuite hostname="LAPTOP-569A3714" failures="0" tests="3" name="Automation.Tests.SubmitOrder" time="33.291" errors="0" timestamp="2024-11-20T17:12:40 IST" skipped="0">
  <testcase classname="Automation.Tests.SubmitOrder" name="submitOrder" time="15.812"/>
  <testcase classname="Automation.Tests.SubmitOrder" name="submitOrder" time="12.753"/>
  <testcase classname="Automation.Tests.SubmitOrder" name="orderHistry" time="4.726"/>
</testsuite> <!-- Automation.Tests.SubmitOrder -->
